
chdir(/home/niklas/Projects/m8r)
chdir(src)
chdir(/home/niklas/Projects/m8r)
chdir(/home/niklas/Projects/m8r)
chdir(/etc/xdg//nvim)
chdir(/home/niklas/Projects/m8r)
sourcing "/etc/xdg//nvim/sysinit.vim"
chdir(/home/niklas/Projects/m8r)
chdir(/usr/share/nvim)
chdir(/home/niklas/Projects/m8r)
line 2: sourcing "/usr/share/nvim/archlinux.vim"
finished sourcing /usr/share/nvim/archlinux.vim
continuing in /etc/xdg/nvim/sysinit.vim
finished sourcing /etc/xdg//nvim/sysinit.vim
not found in 'runtimepath': "lua/plugins.lua"
not found in 'packpath': "pack/*/start/*/lua/plugins.lua"
not found in 'packpath': "start/*/lua/plugins.lua"
not found in 'runtimepath': "lua/packer.lua"
not found in 'runtimepath': "lua/packer/async.lua"
not found in 'runtimepath': "lua/packer/log.lua"
not found in 'runtimepath': "lua/packer/clean.lua"
not found in 'runtimepath': "lua/packer/plugin_utils.lua"
not found in 'runtimepath': "lua/packer/jobs.lua"
not found in 'runtimepath': "lua/packer/result.lua"
not found in 'runtimepath': "lua/packer/util.lua"
not found in 'runtimepath': "lua/packer/display.lua"
not found in 'runtimepath': "lua/packer/compile.lua"
not found in 'runtimepath': "lua/packer/luarocks.lua"
not found in 'runtimepath': "lua/packer/handlers.lua"
not found in 'runtimepath': "lua/packer/install.lua"
not found in 'runtimepath': "lua/packer/plugin_types.lua"
not found in 'runtimepath': "lua/packer/update.lua"
not found in 'runtimepath': "lua/packer/plugin_types/git.lua"
not found in 'runtimepath': "lua/lspconfig.lua"
not found in 'runtimepath': "lua/lspconfig/configs.lua"
not found in 'runtimepath': "lua/lspconfig/util.lua"
not found in 'runtimepath': "lua/lspcontainers.lua"
not found in 'packpath': "pack/*/start/*/lua/lspcontainers.lua"
not found in 'packpath': "start/*/lua/lspcontainers.lua"
not found in 'runtimepath': "lua/lspcontainers/init.lua"
not found in 'runtimepath': "lua/nvim-treesitter/configs.lua"
not found in 'runtimepath': "lua/nvim-treesitter/query.lua"
not found in 'runtimepath': "lua/nvim-treesitter/tsrange.lua"
not found in 'runtimepath': "lua/nvim-treesitter/ts_utils.lua"
not found in 'runtimepath': "lua/nvim-treesitter/parsers.lua"
not found in 'runtimepath': "lua/nvim-treesitter/utils.lua"
not found in 'runtimepath': "lua/nvim-treesitter/caching.lua"
not found in 'runtimepath': "lua/nvim-treesitter/install.lua"
not found in 'runtimepath': "lua/nvim-treesitter/info.lua"
not found in 'runtimepath': "lua/nvim-treesitter/shell_command_selectors.lua"
not found in 'runtimepath': "parser/bash.so"
not found in 'runtimepath': "parser/css.so"
not found in 'runtimepath': "parser/dockerfile.so"
not found in 'runtimepath': "parser/go.so"
not found in 'runtimepath': "parser/gomod.so"
not found in 'runtimepath': "parser/graphql.so"
not found in 'runtimepath': "parser/html.so"
not found in 'runtimepath': "parser/javascript.so"
not found in 'runtimepath': "parser/jsdoc.so"
not found in 'runtimepath': "parser/json.so"
not found in 'runtimepath': "parser/lua.so"
not found in 'runtimepath': "parser/python.so"
not found in 'runtimepath': "parser/rust.so"
not found in 'runtimepath': "parser/svelte.so"
not found in 'runtimepath': "parser/tsx.so"
not found in 'runtimepath': "parser/typescript.so"
not found in 'runtimepath': "parser/yaml.so"
not found in 'runtimepath': "lua/compe.lua"
not found in 'packpath': "pack/*/start/*/lua/compe.lua"
not found in 'packpath': "start/*/lua/compe.lua"
not found in 'runtimepath': "lua/compe/init.lua"
not found in 'runtimepath': "lua/compe/utils/debug.lua"
not found in 'runtimepath': "lua/compe/config.lua"
not found in 'runtimepath': "lua/compe/utils/boolean.lua"
not found in 'runtimepath': "lua/compe/utils/callback.lua"
not found in 'runtimepath': "lua/compe/completion.lua"
not found in 'runtimepath': "lua/compe/utils/async.lua"
not found in 'runtimepath': "lua/compe/utils/cache.lua"
not found in 'runtimepath': "lua/compe/helper.lua"
not found in 'runtimepath': "lua/compe/pattern.lua"
not found in 'runtimepath': "lua/compe/utils/string.lua"
not found in 'runtimepath': "lua/compe/utils/character.lua"
not found in 'runtimepath': "lua/compe/context.lua"
not found in 'runtimepath': "lua/compe/matcher.lua"
not found in 'runtimepath': "lua/compe/source.lua"
not found in 'runtimepath': "lua/compe/vim_bridge.lua"
not found in 'runtimepath': "lua/compe/utils/compat.lua"
not found in 'runtimepath': "lua/telescope.lua"
not found in 'packpath': "pack/*/start/*/lua/telescope.lua"
not found in 'packpath': "start/*/lua/telescope.lua"
not found in 'runtimepath': "lua/telescope/init.lua"
not found in 'runtimepath': "lua/telescope/_compat.lua"
not found in 'runtimepath': "lua/telescope/_extensions.lua"
not found in 'packpath': "pack/*/start/*/lua/telescope/_extensions.lua"
not found in 'packpath': "start/*/lua/telescope/_extensions.lua"
not found in 'runtimepath': "lua/telescope/_extensions/init.lua"
not found in 'runtimepath': "lua/telescope/config.lua"
not found in 'runtimepath': "lua/telescope/sorters.lua"
not found in 'runtimepath': "lua/telescope/log.lua"
not found in 'runtimepath': "lua/plenary/log.lua"
not found in 'runtimepath': "lua/telescope/utils.lua"
not found in 'runtimepath': "lua/nvim-web-devicons.lua"
not found in 'packpath': "pack/*/start/*/lua/nvim-web-devicons.lua"
not found in 'packpath': "start/*/lua/nvim-web-devicons.lua"
not found in 'runtimepath': "lua/nvim-web-devicons/init.lua"
not found in 'packpath': "pack/*/start/*/lua/nvim-web-devicons/init.lua"
not found in 'packpath': "start/*/lua/nvim-web-devicons/init.lua"
not found in 'runtimepath': "lua/nvim-web-devicons.so"
not found in 'packpath': "pack/*/start/*/lua/nvim-web-devicons.so"
not found in 'packpath': "start/*/lua/nvim-web-devicons.so"
not found in 'runtimepath': "lua/telescope/path.lua"
not found in 'runtimepath': "lua/ffi.lua"
not found in 'packpath': "pack/*/start/*/lua/ffi.lua"
not found in 'packpath': "start/*/lua/ffi.lua"
not found in 'runtimepath': "lua/ffi/init.lua"
not found in 'packpath': "pack/*/start/*/lua/ffi/init.lua"
not found in 'packpath': "start/*/lua/ffi/init.lua"
not found in 'runtimepath': "lua/ffi.so"
not found in 'packpath': "pack/*/start/*/lua/ffi.so"
not found in 'packpath': "start/*/lua/ffi.so"
not found in 'runtimepath': "lua/plenary/job.lua"
not found in 'runtimepath': "lua/plenary/functional.lua"
not found in 'runtimepath': "colors/nord.vim"
chdir(/home/niklas/Projects/m8r)
chdir(/home/niklas/.local/share/nvim/site/pack/packer/start/nord-vim/colors)
chdir(/home/niklas/Projects/m8r)
line 0: sourcing "/home/niklas/.local/share/nvim/site/pack/packer/start/nord-vim/colors/nord.vim"
finished sourcing /home/niklas/.local/share/nvim/site/pack/packer/start/nord-vim/colors/nord.vim
continuing in nvim_exec()
not found in 'runtimepath': "lua/lualine.lua"
not found in 'packpath': "pack/*/start/*/lua/lualine.lua"
not found in 'packpath': "start/*/lua/lualine.lua"
not found in 'runtimepath': "lua/lualine/init.lua"
not found in 'runtimepath': "lua/lualine/highlight.lua"
not found in 'runtimepath': "lua/lualine/utils/utils.lua"
not found in 'runtimepath': "lua/lualine/utils/loader.lua"
not found in 'runtimepath': "lua/lualine/utils/section.lua"
not found in 'runtimepath': "lua/lualine/config.lua"
chdir(/home/niklas/Projects/m8r)
chdir(/usr/share/nvim/runtime)
chdir(/home/niklas/Projects/m8r)
sourcing "/usr/share/nvim/runtime/filetype.vim"
chdir(/home/niklas/Projects/m8r)
chdir(/usr/share/vim/vimfiles/ftdetect)
chdir(/home/niklas/Projects/m8r)
line 2305: sourcing "/usr/share/vim/vimfiles/ftdetect/PKGBUILD.vim"
finished sourcing /usr/share/vim/vimfiles/ftdetect/PKGBUILD.vim
continuing in /usr/share/nvim/runtime/filetype.vim
chdir(/home/niklas/Projects/m8r)
chdir(/usr/share/vim/vimfiles/ftdetect)
chdir(/home/niklas/Projects/m8r)
line 2305: sourcing "/usr/share/vim/vimfiles/ftdetect/conkyrc.vim"
finished sourcing /usr/share/vim/vimfiles/ftdetect/conkyrc.vim
continuing in /usr/share/nvim/runtime/filetype.vim
chdir(/home/niklas/Projects/m8r)
chdir(/home/niklas/.local/share/nvim/site/pack/packer/start/nvim-treesitter/ftdetect)
chdir(/home/niklas/Projects/m8r)
line 2305: sourcing "/home/niklas/.local/share/nvim/site/pack/packer/start/nvim-treesitter/ftdetect/gdscript.vim"
finished sourcing /home/niklas/.local/share/nvim/site/pack/packer/start/nvim-treesitter/ftdetect/gdscript.vim
continuing in /usr/share/nvim/runtime/filetype.vim
chdir(/home/niklas/Projects/m8r)
chdir(/home/niklas/.local/share/nvim/site/pack/packer/start/nvim-treesitter/ftdetect)
chdir(/home/niklas/Projects/m8r)
line 2305: sourcing "/home/niklas/.local/share/nvim/site/pack/packer/start/nvim-treesitter/ftdetect/gomod.vim"
finished sourcing /home/niklas/.local/share/nvim/site/pack/packer/start/nvim-treesitter/ftdetect/gomod.vim
continuing in /usr/share/nvim/runtime/filetype.vim
chdir(/home/niklas/Projects/m8r)
chdir(/home/niklas/.local/share/nvim/site/pack/packer/start/nvim-treesitter/ftdetect)
chdir(/home/niklas/Projects/m8r)
line 2305: sourcing "/home/niklas/.local/share/nvim/site/pack/packer/start/nvim-treesitter/ftdetect/query.vim"
finished sourcing /home/niklas/.local/share/nvim/site/pack/packer/start/nvim-treesitter/ftdetect/query.vim
continuing in /usr/share/nvim/runtime/filetype.vim
not found in 'packpath': "start/*/ftdetect/*.vim"
finished sourcing /usr/share/nvim/runtime/filetype.vim
not found in 'packpath': "pack/*/start/*/filetype.vim"
not found in 'packpath': "start/*/filetype.vim"
chdir(/home/niklas/Projects/m8r)
chdir(/usr/share/nvim/runtime)
chdir(/home/niklas/Projects/m8r)
sourcing "/usr/share/nvim/runtime/ftplugin.vim"
finished sourcing /usr/share/nvim/runtime/ftplugin.vim
not found in 'packpath': "pack/*/start/*/ftplugin.vim"
not found in 'packpath': "start/*/ftplugin.vim"
chdir(/home/niklas/Projects/m8r)
chdir(/usr/share/nvim/runtime)
chdir(/home/niklas/Projects/m8r)
sourcing "/usr/share/nvim/runtime/indent.vim"
finished sourcing /usr/share/nvim/runtime/indent.vim
not found in 'packpath': "pack/*/start/*/indent.vim"
not found in 'packpath': "start/*/indent.vim"
chdir(/home/niklas/Projects/m8r)
chdir(/usr/share/nvim/runtime/syntax)
chdir(/home/niklas/Projects/m8r)
sourcing "/usr/share/nvim/runtime/syntax/syntax.vim"
chdir(/home/niklas/Projects/m8r)
chdir(/usr/share/nvim/runtime/syntax)
chdir(/home/niklas/Projects/m8r)
line 19: sourcing "/usr/share/nvim/runtime/syntax/synload.vim"
not found in 'runtimepath': "colors/nord.vim"
chdir(/home/niklas/Projects/m8r)
chdir(/home/niklas/.local/share/nvim/site/pack/packer/start/nord-vim/colors)
chdir(/home/niklas/Projects/m8r)
line 19: sourcing "/home/niklas/.local/share/nvim/site/pack/packer/start/nord-vim/colors/nord.vim"
chdir(/home/niklas/Projects/m8r)
chdir(/usr/share/nvim/runtime/syntax)
chdir(/home/niklas/Projects/m8r)
line 9: sourcing "/usr/share/nvim/runtime/syntax/syncolor.vim"
finished sourcing /usr/share/nvim/runtime/syntax/syncolor.vim
continuing in /home/niklas/.local/share/nvim/site/pack/packer/start/nord-vim/colors/nord.vim
not found in 'packpath': "pack/*/start/*/syntax/syncolor.vim"
not found in 'packpath': "start/*/syntax/syncolor.vim"
chdir(/home/niklas/Projects/m8r)
chdir(/usr/share/nvim/runtime/syntax)
chdir(/home/niklas/Projects/m8r)
line 11: sourcing "/usr/share/nvim/runtime/syntax/syncolor.vim"
finished sourcing /usr/share/nvim/runtime/syntax/syncolor.vim
continuing in /home/niklas/.local/share/nvim/site/pack/packer/start/nord-vim/colors/nord.vim
not found in 'packpath': "pack/*/start/*/syntax/syncolor.vim"
not found in 'packpath': "start/*/syntax/syncolor.vim"
finished sourcing /home/niklas/.local/share/nvim/site/pack/packer/start/nord-vim/colors/nord.vim
continuing in /usr/share/nvim/runtime/syntax/synload.vim
finished sourcing /usr/share/nvim/runtime/syntax/synload.vim
continuing in /usr/share/nvim/runtime/syntax/syntax.vim
Executing FileType Autocommands for "*"
autocommand exe "set syntax=" . expand("<amatch>")

Executing Syntax Autocommands for "*"
autocommand call s:SynSet()

finished sourcing /usr/share/nvim/runtime/syntax/syntax.vim
chdir(/home/niklas/Projects/m8r)
chdir(/home/niklas/.local/share/nvim/site)
chdir(/home/niklas/Projects/m8r)
chdir(/home/niklas/Projects/m8r)
chdir(/home/niklas/.config/nvim)
chdir(/home/niklas/Projects/m8r)
chdir(/home/niklas/Projects/m8r)
chdir(/etc/xdg/nvim)
chdir(/home/niklas/Projects/m8r)
chdir(/home/niklas/Projects/m8r)
chdir(/home/niklas/.local/share/nvim/site)
chdir(/home/niklas/Projects/m8r)
chdir(/home/niklas/Projects/m8r)
chdir(/home/niklas/.local/share/nvim/site)
chdir(/home/niklas/Projects/m8r)
chdir(/home/niklas/Projects/m8r)
chdir(/home/niklas/.config/nvim)
chdir(/home/niklas/Projects/m8r)
chdir(/home/niklas/Projects/m8r)
chdir(/etc/xdg/nvim)
chdir(/home/niklas/Projects/m8r)
chdir(/home/niklas/Projects/m8r)
chdir(/home/niklas/.local/share/nvim/site)
chdir(/home/niklas/Projects/m8r)
chdir(/home/niklas/Projects/m8r)
chdir(/home/niklas/.local/share/nvim/site)
chdir(/home/niklas/Projects/m8r)
chdir(/home/niklas/Projects/m8r)
chdir(/home/niklas/.config/nvim)
chdir(/home/niklas/Projects/m8r)
chdir(/home/niklas/Projects/m8r)
chdir(/etc/xdg/nvim)
chdir(/home/niklas/Projects/m8r)
chdir(/home/niklas/Projects/m8r)
chdir(/home/niklas/.local/share/nvim/site)
chdir(/home/niklas/Projects/m8r)
chdir(/home/niklas/Projects/m8r)
chdir(/home/niklas/.local/share/nvim/site)
chdir(/home/niklas/Projects/m8r)
chdir(/home/niklas/Projects/m8r)
chdir(/home/niklas/.config/nvim)
chdir(/home/niklas/Projects/m8r)
chdir(/home/niklas/Projects/m8r)
chdir(/etc/xdg/nvim)
chdir(/home/niklas/Projects/m8r)
chdir(/home/niklas/Projects/m8r)
chdir(/home/niklas/.local/share/nvim/site)
chdir(/home/niklas/Projects/m8r)
chdir(/home/niklas/Projects/m8r)
chdir(/home/niklas/.local/share/nvim/site)
chdir(/home/niklas/Projects/m8r)
chdir(/home/niklas/Projects/m8r)
chdir(/home/niklas/.config/nvim)
chdir(/home/niklas/Projects/m8r)
chdir(/home/niklas/Projects/m8r)
chdir(/etc/xdg/nvim)
chdir(/home/niklas/Projects/m8r)
chdir(/home/niklas/Projects/m8r)
chdir(/home/niklas/.local/share/nvim/site)
chdir(/home/niklas/Projects/m8r)
chdir(/home/niklas/Projects/m8r)
chdir(/home/niklas/.local/share/nvim/site)
chdir(/home/niklas/Projects/m8r)
chdir(/home/niklas/Projects/m8r)
chdir(/home/niklas/.config/nvim)
chdir(/home/niklas/Projects/m8r)
chdir(/home/niklas/Projects/m8r)
chdir(/etc/xdg/nvim)
chdir(/home/niklas/Projects/m8r)
chdir(/home/niklas/Projects/m8r)
chdir(/home/niklas/.local/share/nvim/site)
chdir(/home/niklas/Projects/m8r)
chdir(/home/niklas/Projects/m8r)
chdir(/home/niklas/.local/share/nvim/site)
chdir(/home/niklas/Projects/m8r)
chdir(/home/niklas/Projects/m8r)
chdir(/home/niklas/.config/nvim)
chdir(/home/niklas/Projects/m8r)
chdir(/home/niklas/Projects/m8r)
chdir(/etc/xdg/nvim)
chdir(/home/niklas/Projects/m8r)
chdir(/home/niklas/Projects/m8r)
chdir(/home/niklas/.local/share/nvim/site)
chdir(/home/niklas/Projects/m8r)
chdir(/home/niklas/Projects/m8r)
chdir(/home/niklas/.local/share/nvim/site)
chdir(/home/niklas/Projects/m8r)
chdir(/home/niklas/Projects/m8r)
chdir(/home/niklas/.config/nvim)
chdir(/home/niklas/Projects/m8r)
chdir(/home/niklas/Projects/m8r)
chdir(/etc/xdg/nvim)
chdir(/home/niklas/Projects/m8r)
chdir(/home/niklas/Projects/m8r)
chdir(/home/niklas/.local/share/nvim/site)
chdir(/home/niklas/Projects/m8r)
chdir(/home/niklas/Projects/m8r)
chdir(/home/niklas/.local/share/nvim/site)
chdir(/home/niklas/Projects/m8r)
chdir(/home/niklas/Projects/m8r)
chdir(/home/niklas/.config/nvim)
chdir(/home/niklas/Projects/m8r)
chdir(/home/niklas/Projects/m8r)
chdir(/etc/xdg/nvim)
chdir(/home/niklas/Projects/m8r)
chdir(/home/niklas/Projects/m8r)
chdir(/home/niklas/.local/share/nvim/site)
chdir(/home/niklas/Projects/m8r)
chdir(/home/niklas/Projects/m8r)
chdir(/home/niklas/.local/share/nvim/site)
chdir(/home/niklas/Projects/m8r)
chdir(/home/niklas/Projects/m8r)
chdir(/home/niklas/.config/nvim)
chdir(/home/niklas/Projects/m8r)
chdir(/home/niklas/Projects/m8r)
chdir(/etc/xdg/nvim)
chdir(/home/niklas/Projects/m8r)
chdir(/home/niklas/Projects/m8r)
chdir(/home/niklas/.local/share/nvim/site)
chdir(/home/niklas/Projects/m8r)
chdir(/home/niklas/Projects/m8r)
chdir(/home/niklas/.local/share/nvim/site)
chdir(/home/niklas/Projects/m8r)
chdir(/home/niklas/Projects/m8r)
chdir(/home/niklas/.config/nvim)
chdir(/home/niklas/Projects/m8r)
chdir(/home/niklas/Projects/m8r)
chdir(/etc/xdg/nvim)
chdir(/home/niklas/Projects/m8r)
chdir(/home/niklas/Projects/m8r)
chdir(/home/niklas/.local/share/nvim/site)
chdir(/home/niklas/Projects/m8r)
chdir(/home/niklas/Projects/m8r)
chdir(/home/niklas/.local/share/nvim/site)
chdir(/home/niklas/Projects/m8r)
chdir(/home/niklas/Projects/m8r)
chdir(/home/niklas/.config/nvim)
chdir(/home/niklas/Projects/m8r)
chdir(/home/niklas/Projects/m8r)
chdir(/etc/xdg/nvim)
chdir(/home/niklas/Projects/m8r)
chdir(/home/niklas/Projects/m8r)
chdir(/home/niklas/.local/share/nvim/site)
chdir(/home/niklas/Projects/m8r)
not found in 'packpath': "start/*"
chdir(/home/niklas/Projects/m8r)
chdir(/home/niklas/.config/nvim/plugin)
chdir(/home/niklas/Projects/m8r)
sourcing "/home/niklas/.config/nvim/plugin/packer_compiled.vim"
chdir(/home/niklas/Projects/m8r)
chdir(/home/niklas/.local/share/nvim/site/pack/packer/start)
chdir(/home/niklas/Projects/m8r)
not found in 'packpath': "pack/*/opt/packer.nvim"
finished sourcing /home/niklas/.config/nvim/plugin/packer_compiled.vim
chdir(/home/niklas/Projects/m8r)
chdir(/usr/share/nvim/runtime/plugin)
chdir(/home/niklas/Projects/m8r)
sourcing "/usr/share/nvim/runtime/plugin/gzip.vim"
finished sourcing /usr/share/nvim/runtime/plugin/gzip.vim
chdir(/home/niklas/Projects/m8r)
chdir(/usr/share/nvim/runtime/plugin)
chdir(/home/niklas/Projects/m8r)
sourcing "/usr/share/nvim/runtime/plugin/health.vim"
finished sourcing /usr/share/nvim/runtime/plugin/health.vim
chdir(/home/niklas/Projects/m8r)
chdir(/usr/share/nvim/runtime/plugin)
chdir(/home/niklas/Projects/m8r)
sourcing "/usr/share/nvim/runtime/plugin/man.vim"
finished sourcing /usr/share/nvim/runtime/plugin/man.vim
chdir(/home/niklas/Projects/m8r)
chdir(/usr/share/nvim/runtime/plugin)
chdir(/home/niklas/Projects/m8r)
sourcing "/usr/share/nvim/runtime/plugin/matchit.vim"
not found in 'packpath': "pack/*/start/matchit"
chdir(/home/niklas/Projects/m8r)
chdir(/usr/share/nvim/runtime)
chdir(/home/niklas/Projects/m8r)
chdir(/home/niklas/Projects/m8r)
chdir(/home/niklas/.config/nvim)
chdir(/home/niklas/Projects/m8r)
chdir(/home/niklas/Projects/m8r)
chdir(/etc/xdg/nvim)
chdir(/home/niklas/Projects/m8r)
chdir(/home/niklas/Projects/m8r)
chdir(/home/niklas/.local/share/nvim/site)
chdir(/home/niklas/Projects/m8r)
chdir(/home/niklas/Projects/m8r)
chdir(/home/niklas/.local/share/nvim/site/pack/packer/start/telescope.nvim)
chdir(/home/niklas/Projects/m8r)
chdir(/home/niklas/Projects/m8r)
chdir(/home/niklas/.local/share/nvim/site/pack/packer/start/popup.nvim)
chdir(/home/niklas/Projects/m8r)
chdir(/home/niklas/Projects/m8r)
chdir(/home/niklas/.local/share/nvim/site/pack/packer/start/plenary.nvim)
chdir(/home/niklas/Projects/m8r)
chdir(/home/niklas/Projects/m8r)
chdir(/home/niklas/.local/share/nvim/site/pack/packer/start/packer.nvim)
chdir(/home/niklas/Projects/m8r)
chdir(/home/niklas/Projects/m8r)
chdir(/home/niklas/.local/share/nvim/site/pack/packer/start/nvim-treesitter-context)
chdir(/home/niklas/Projects/m8r)
chdir(/home/niklas/Projects/m8r)
chdir(/home/niklas/.local/share/nvim/site/pack/packer/start/nvim-treesitter)
chdir(/home/niklas/Projects/m8r)
chdir(/home/niklas/Projects/m8r)
chdir(/home/niklas/.local/share/nvim/site/pack/packer/start/nvim-lspconfig)
chdir(/home/niklas/Projects/m8r)
chdir(/home/niklas/Projects/m8r)
chdir(/home/niklas/.local/share/nvim/site/pack/packer/start/nvim-compe)
chdir(/home/niklas/Projects/m8r)
chdir(/home/niklas/Projects/m8r)
chdir(/home/niklas/.local/share/nvim/site/pack/packer/start/nord-vim)
chdir(/home/niklas/Projects/m8r)
chdir(/home/niklas/Projects/m8r)
chdir(/home/niklas/.local/share/nvim/site/pack/packer/start/lualine.nvim)
chdir(/home/niklas/Projects/m8r)
chdir(/home/niklas/Projects/m8r)
chdir(/home/niklas/.local/share/nvim/site/pack/packer/start/lspcontainers.nvim)
chdir(/home/niklas/Projects/m8r)
chdir(/home/niklas/Projects/m8r)
chdir(/home/niklas/.local/share/nvim/site/pack/packer/start/lsp_extensions.nvim)
chdir(/home/niklas/Projects/m8r)
chdir(/home/niklas/Projects/m8r)
chdir(/usr/local/share/nvim/site)
chdir(/home/niklas/Projects/m8r)
chdir(/home/niklas/Projects/m8r)
chdir(/usr/share/nvim/site)
chdir(/home/niklas/Projects/m8r)
chdir(/home/niklas/Projects/m8r)
chdir(/usr/share/nvim/runtime)
chdir(/home/niklas/Projects/m8r)
chdir(/home/niklas/Projects/m8r)
chdir(/usr/share/nvim/runtime/pack/dist/opt)
chdir(/home/niklas/Projects/m8r)
chdir(/home/niklas/Projects/m8r)
chdir(/usr/share/nvim/runtime/pack/dist/opt/matchit/plugin)
chdir(/home/niklas/Projects/m8r)
line 3: sourcing "/usr/share/nvim/runtime/pack/dist/opt/matchit/plugin/matchit.vim"
finished sourcing /usr/share/nvim/runtime/pack/dist/opt/matchit/plugin/matchit.vim
continuing in /usr/share/nvim/runtime/plugin/matchit.vim
finished sourcing /usr/share/nvim/runtime/plugin/matchit.vim
chdir(/home/niklas/Projects/m8r)
chdir(/usr/share/nvim/runtime/plugin)
chdir(/home/niklas/Projects/m8r)
sourcing "/usr/share/nvim/runtime/plugin/matchparen.vim"
finished sourcing /usr/share/nvim/runtime/plugin/matchparen.vim
chdir(/home/niklas/Projects/m8r)
chdir(/usr/share/nvim/runtime/plugin)
chdir(/home/niklas/Projects/m8r)
sourcing "/usr/share/nvim/runtime/plugin/netrwPlugin.vim"
finished sourcing /usr/share/nvim/runtime/plugin/netrwPlugin.vim
chdir(/home/niklas/Projects/m8r)
chdir(/usr/share/nvim/runtime/plugin)
chdir(/home/niklas/Projects/m8r)
sourcing "/usr/share/nvim/runtime/plugin/rplugin.vim"
chdir(/home/niklas/Projects/m8r)
chdir(/home/niklas/.local/share/nvim)
chdir(/home/niklas/Projects/m8r)
line 3: sourcing "/home/niklas/.local/share/nvim/rplugin.vim"
finished sourcing /home/niklas/.local/share/nvim/rplugin.vim
continuing in function <SNR>23_LoadRemotePlugins
finished sourcing /usr/share/nvim/runtime/plugin/rplugin.vim
chdir(/home/niklas/Projects/m8r)
chdir(/usr/share/nvim/runtime/plugin)
chdir(/home/niklas/Projects/m8r)
sourcing "/usr/share/nvim/runtime/plugin/shada.vim"
finished sourcing /usr/share/nvim/runtime/plugin/shada.vim
chdir(/home/niklas/Projects/m8r)
chdir(/usr/share/nvim/runtime/plugin)
chdir(/home/niklas/Projects/m8r)
sourcing "/usr/share/nvim/runtime/plugin/spellfile.vim"
finished sourcing /usr/share/nvim/runtime/plugin/spellfile.vim
chdir(/home/niklas/Projects/m8r)
chdir(/usr/share/nvim/runtime/plugin)
chdir(/home/niklas/Projects/m8r)
sourcing "/usr/share/nvim/runtime/plugin/tarPlugin.vim"
finished sourcing /usr/share/nvim/runtime/plugin/tarPlugin.vim
chdir(/home/niklas/Projects/m8r)
chdir(/usr/share/nvim/runtime/plugin)
chdir(/home/niklas/Projects/m8r)
sourcing "/usr/share/nvim/runtime/plugin/tohtml.vim"
finished sourcing /usr/share/nvim/runtime/plugin/tohtml.vim
chdir(/home/niklas/Projects/m8r)
chdir(/usr/share/nvim/runtime/plugin)
chdir(/home/niklas/Projects/m8r)
sourcing "/usr/share/nvim/runtime/plugin/tutor.vim"
finished sourcing /usr/share/nvim/runtime/plugin/tutor.vim
chdir(/home/niklas/Projects/m8r)
chdir(/usr/share/nvim/runtime/plugin)
chdir(/home/niklas/Projects/m8r)
sourcing "/usr/share/nvim/runtime/plugin/zipPlugin.vim"
finished sourcing /usr/share/nvim/runtime/plugin/zipPlugin.vim
chdir(/home/niklas/Projects/m8r)
chdir(/usr/share/vim/vimfiles/plugin)
chdir(/home/niklas/Projects/m8r)
sourcing "/usr/share/vim/vimfiles/plugin/fzf.vim"
finished sourcing /usr/share/vim/vimfiles/plugin/fzf.vim
chdir(/home/niklas/Projects/m8r)
chdir(/home/niklas/.local/share/nvim/site/pack/packer/start)
chdir(/home/niklas/Projects/m8r)
chdir(/home/niklas/Projects/m8r)
chdir(/home/niklas/.local/share/nvim/site/pack/packer/start)
chdir(/home/niklas/Projects/m8r)
chdir(/home/niklas/Projects/m8r)
chdir(/home/niklas/.local/share/nvim/site/pack/packer/start)
chdir(/home/niklas/Projects/m8r)
chdir(/home/niklas/Projects/m8r)
chdir(/home/niklas/.local/share/nvim/site/pack/packer/start)
chdir(/home/niklas/Projects/m8r)
chdir(/home/niklas/Projects/m8r)
chdir(/home/niklas/.local/share/nvim/site/pack/packer/start)
chdir(/home/niklas/Projects/m8r)
chdir(/home/niklas/Projects/m8r)
chdir(/home/niklas/.local/share/nvim/site/pack/packer/start/nvim-compe/plugin)
chdir(/home/niklas/Projects/m8r)
sourcing "/home/niklas/.local/share/nvim/site/pack/packer/start/nvim-compe/plugin/compe.vim"
finished sourcing /home/niklas/.local/share/nvim/site/pack/packer/start/nvim-compe/plugin/compe.vim
chdir(/home/niklas/Projects/m8r)
chdir(/home/niklas/.local/share/nvim/site/pack/packer/start)
chdir(/home/niklas/Projects/m8r)
chdir(/home/niklas/Projects/m8r)
chdir(/home/niklas/.local/share/nvim/site/pack/packer/start/nvim-lspconfig/plugin)
chdir(/home/niklas/Projects/m8r)
sourcing "/home/niklas/.local/share/nvim/site/pack/packer/start/nvim-lspconfig/plugin/lspconfig.vim"
finished sourcing /home/niklas/.local/share/nvim/site/pack/packer/start/nvim-lspconfig/plugin/lspconfig.vim
chdir(/home/niklas/Projects/m8r)
chdir(/home/niklas/.local/share/nvim/site/pack/packer/start)
chdir(/home/niklas/Projects/m8r)
chdir(/home/niklas/Projects/m8r)
chdir(/home/niklas/.local/share/nvim/site/pack/packer/start/nvim-treesitter/plugin)
chdir(/home/niklas/Projects/m8r)
sourcing "/home/niklas/.local/share/nvim/site/pack/packer/start/nvim-treesitter/plugin/nvim-treesitter.vim"
finished sourcing /home/niklas/.local/share/nvim/site/pack/packer/start/nvim-treesitter/plugin/nvim-treesitter.vim
chdir(/home/niklas/Projects/m8r)
chdir(/home/niklas/.local/share/nvim/site/pack/packer/start/nvim-treesitter/ftdetect)
chdir(/home/niklas/Projects/m8r)
sourcing "/home/niklas/.local/share/nvim/site/pack/packer/start/nvim-treesitter/ftdetect/gdscript.vim"
finished sourcing /home/niklas/.local/share/nvim/site/pack/packer/start/nvim-treesitter/ftdetect/gdscript.vim
chdir(/home/niklas/Projects/m8r)
chdir(/home/niklas/.local/share/nvim/site/pack/packer/start/nvim-treesitter/ftdetect)
chdir(/home/niklas/Projects/m8r)
sourcing "/home/niklas/.local/share/nvim/site/pack/packer/start/nvim-treesitter/ftdetect/gomod.vim"
finished sourcing /home/niklas/.local/share/nvim/site/pack/packer/start/nvim-treesitter/ftdetect/gomod.vim
chdir(/home/niklas/Projects/m8r)
chdir(/home/niklas/.local/share/nvim/site/pack/packer/start/nvim-treesitter/ftdetect)
chdir(/home/niklas/Projects/m8r)
sourcing "/home/niklas/.local/share/nvim/site/pack/packer/start/nvim-treesitter/ftdetect/query.vim"
finished sourcing /home/niklas/.local/share/nvim/site/pack/packer/start/nvim-treesitter/ftdetect/query.vim
chdir(/home/niklas/Projects/m8r)
chdir(/home/niklas/.local/share/nvim/site/pack/packer/start)
chdir(/home/niklas/Projects/m8r)
chdir(/home/niklas/Projects/m8r)
chdir(/home/niklas/.local/share/nvim/site/pack/packer/start/nvim-treesitter-context/plugin)
chdir(/home/niklas/Projects/m8r)
sourcing "/home/niklas/.local/share/nvim/site/pack/packer/start/nvim-treesitter-context/plugin/treesitter-context.vim"
finished sourcing /home/niklas/.local/share/nvim/site/pack/packer/start/nvim-treesitter-context/plugin/treesitter-context.vim
chdir(/home/niklas/Projects/m8r)
chdir(/home/niklas/.local/share/nvim/site/pack/packer/start)
chdir(/home/niklas/Projects/m8r)
chdir(/home/niklas/Projects/m8r)
chdir(/home/niklas/.local/share/nvim/site/pack/packer/start)
chdir(/home/niklas/Projects/m8r)
chdir(/home/niklas/Projects/m8r)
chdir(/home/niklas/.local/share/nvim/site/pack/packer/start/plenary.nvim/plugin)
chdir(/home/niklas/Projects/m8r)
sourcing "/home/niklas/.local/share/nvim/site/pack/packer/start/plenary.nvim/plugin/plenary.vim"
finished sourcing /home/niklas/.local/share/nvim/site/pack/packer/start/plenary.nvim/plugin/plenary.vim
chdir(/home/niklas/Projects/m8r)
chdir(/home/niklas/.local/share/nvim/site/pack/packer/start)
chdir(/home/niklas/Projects/m8r)
chdir(/home/niklas/Projects/m8r)
chdir(/home/niklas/.local/share/nvim/site/pack/packer/start)
chdir(/home/niklas/Projects/m8r)
chdir(/home/niklas/Projects/m8r)
chdir(/home/niklas/.local/share/nvim/site/pack/packer/start/telescope.nvim/plugin)
chdir(/home/niklas/Projects/m8r)
sourcing "/home/niklas/.local/share/nvim/site/pack/packer/start/telescope.nvim/plugin/telescope.vim"
finished sourcing /home/niklas/.local/share/nvim/site/pack/packer/start/telescope.nvim/plugin/telescope.vim
not found in 'packpath': "start/*"
chdir(/home/niklas/Projects/m8r)
chdir(/home/niklas/.local/share/nvim/site/pack/packer/start/nvim-compe/after/plugin)
chdir(/home/niklas/Projects/m8r)
sourcing "/home/niklas/.local/share/nvim/site/pack/packer/start/nvim-compe/after/plugin/compe_buffer.vim"
not found in 'runtimepath': "lua/compe_buffer.lua"
not found in 'packpath': "pack/*/start/*/lua/compe_buffer.lua"
not found in 'packpath': "start/*/lua/compe_buffer.lua"
finished sourcing /home/niklas/.local/share/nvim/site/pack/packer/start/nvim-compe/after/plugin/compe_buffer.vim
chdir(/home/niklas/Projects/m8r)
chdir(/home/niklas/.local/share/nvim/site/pack/packer/start/nvim-compe/after/plugin)
chdir(/home/niklas/Projects/m8r)
sourcing "/home/niklas/.local/share/nvim/site/pack/packer/start/nvim-compe/after/plugin/compe_calc.vim"
not found in 'runtimepath': "lua/compe_calc.lua"
not found in 'packpath': "pack/*/start/*/lua/compe_calc.lua"
not found in 'packpath': "start/*/lua/compe_calc.lua"
finished sourcing /home/niklas/.local/share/nvim/site/pack/packer/start/nvim-compe/after/plugin/compe_calc.vim
chdir(/home/niklas/Projects/m8r)
chdir(/home/niklas/.local/share/nvim/site/pack/packer/start/nvim-compe/after/plugin)
chdir(/home/niklas/Projects/m8r)
sourcing "/home/niklas/.local/share/nvim/site/pack/packer/start/nvim-compe/after/plugin/compe_emoji.vim"
not found in 'runtimepath': "lua/compe_emoji.lua"
not found in 'packpath': "pack/*/start/*/lua/compe_emoji.lua"
not found in 'packpath': "start/*/lua/compe_emoji.lua"
finished sourcing /home/niklas/.local/share/nvim/site/pack/packer/start/nvim-compe/after/plugin/compe_emoji.vim
chdir(/home/niklas/Projects/m8r)
chdir(/home/niklas/.local/share/nvim/site/pack/packer/start/nvim-compe/after/plugin)
chdir(/home/niklas/Projects/m8r)
sourcing "/home/niklas/.local/share/nvim/site/pack/packer/start/nvim-compe/after/plugin/compe_luasnip.vim"
not found in 'runtimepath': "lua/luasnip.lua"
not found in 'packpath': "pack/*/start/*/lua/luasnip.lua"
not found in 'packpath': "start/*/lua/luasnip.lua"
not found in 'runtimepath': "lua/luasnip/init.lua"
not found in 'packpath': "pack/*/start/*/lua/luasnip/init.lua"
not found in 'packpath': "start/*/lua/luasnip/init.lua"
not found in 'runtimepath': "lua/luasnip.so"
not found in 'packpath': "pack/*/start/*/lua/luasnip.so"
not found in 'packpath': "start/*/lua/luasnip.so"
finished sourcing /home/niklas/.local/share/nvim/site/pack/packer/start/nvim-compe/after/plugin/compe_luasnip.vim
chdir(/home/niklas/Projects/m8r)
chdir(/home/niklas/.local/share/nvim/site/pack/packer/start/nvim-compe/after/plugin)
chdir(/home/niklas/Projects/m8r)
sourcing "/home/niklas/.local/share/nvim/site/pack/packer/start/nvim-compe/after/plugin/compe_nvim_lsp.vim"
not found in 'runtimepath': "lua/compe_nvim_lsp.lua"
not found in 'packpath': "pack/*/start/*/lua/compe_nvim_lsp.lua"
not found in 'packpath': "start/*/lua/compe_nvim_lsp.lua"
finished sourcing /home/niklas/.local/share/nvim/site/pack/packer/start/nvim-compe/after/plugin/compe_nvim_lsp.vim
chdir(/home/niklas/Projects/m8r)
chdir(/home/niklas/.local/share/nvim/site/pack/packer/start/nvim-compe/after/plugin)
chdir(/home/niklas/Projects/m8r)
sourcing "/home/niklas/.local/share/nvim/site/pack/packer/start/nvim-compe/after/plugin/compe_nvim_lua.vim"
not found in 'runtimepath': "lua/compe_nvim_lua.lua"
not found in 'packpath': "pack/*/start/*/lua/compe_nvim_lua.lua"
not found in 'packpath': "start/*/lua/compe_nvim_lua.lua"
finished sourcing /home/niklas/.local/share/nvim/site/pack/packer/start/nvim-compe/after/plugin/compe_nvim_lua.vim
chdir(/home/niklas/Projects/m8r)
chdir(/home/niklas/.local/share/nvim/site/pack/packer/start/nvim-compe/after/plugin)
chdir(/home/niklas/Projects/m8r)
sourcing "/home/niklas/.local/share/nvim/site/pack/packer/start/nvim-compe/after/plugin/compe_omni.vim"
not found in 'runtimepath': "lua/compe_omni.lua"
not found in 'packpath': "pack/*/start/*/lua/compe_omni.lua"
not found in 'packpath': "start/*/lua/compe_omni.lua"
finished sourcing /home/niklas/.local/share/nvim/site/pack/packer/start/nvim-compe/after/plugin/compe_omni.vim
chdir(/home/niklas/Projects/m8r)
chdir(/home/niklas/.local/share/nvim/site/pack/packer/start/nvim-compe/after/plugin)
chdir(/home/niklas/Projects/m8r)
sourcing "/home/niklas/.local/share/nvim/site/pack/packer/start/nvim-compe/after/plugin/compe_path.vim"
not found in 'runtimepath': "lua/compe_path.lua"
not found in 'packpath': "pack/*/start/*/lua/compe_path.lua"
not found in 'packpath': "start/*/lua/compe_path.lua"
finished sourcing /home/niklas/.local/share/nvim/site/pack/packer/start/nvim-compe/after/plugin/compe_path.vim
chdir(/home/niklas/Projects/m8r)
chdir(/home/niklas/.local/share/nvim/site/pack/packer/start/nvim-compe/after/plugin)
chdir(/home/niklas/Projects/m8r)
sourcing "/home/niklas/.local/share/nvim/site/pack/packer/start/nvim-compe/after/plugin/compe_snippets_nvim.vim"
not found in 'runtimepath': "lua/snippets.lua"
not found in 'packpath': "pack/*/start/*/lua/snippets.lua"
not found in 'packpath': "start/*/lua/snippets.lua"
not found in 'runtimepath': "lua/snippets/init.lua"
not found in 'packpath': "pack/*/start/*/lua/snippets/init.lua"
not found in 'packpath': "start/*/lua/snippets/init.lua"
not found in 'runtimepath': "lua/snippets.so"
not found in 'packpath': "pack/*/start/*/lua/snippets.so"
not found in 'packpath': "start/*/lua/snippets.so"
finished sourcing /home/niklas/.local/share/nvim/site/pack/packer/start/nvim-compe/after/plugin/compe_snippets_nvim.vim
chdir(/home/niklas/Projects/m8r)
chdir(/home/niklas/.local/share/nvim/site/pack/packer/start/nvim-compe/after/plugin)
chdir(/home/niklas/Projects/m8r)
sourcing "/home/niklas/.local/share/nvim/site/pack/packer/start/nvim-compe/after/plugin/compe_spell.vim"
not found in 'runtimepath': "lua/compe_spell.lua"
not found in 'packpath': "pack/*/start/*/lua/compe_spell.lua"
not found in 'packpath': "start/*/lua/compe_spell.lua"
finished sourcing /home/niklas/.local/share/nvim/site/pack/packer/start/nvim-compe/after/plugin/compe_spell.vim
chdir(/home/niklas/Projects/m8r)
chdir(/home/niklas/.local/share/nvim/site/pack/packer/start/nvim-compe/after/plugin)
chdir(/home/niklas/Projects/m8r)
sourcing "/home/niklas/.local/share/nvim/site/pack/packer/start/nvim-compe/after/plugin/compe_tags.vim"
not found in 'runtimepath': "lua/compe_tags.lua"
not found in 'packpath': "pack/*/start/*/lua/compe_tags.lua"
not found in 'packpath': "start/*/lua/compe_tags.lua"
finished sourcing /home/niklas/.local/share/nvim/site/pack/packer/start/nvim-compe/after/plugin/compe_tags.vim
chdir(/home/niklas/Projects/m8r)
chdir(/home/niklas/.local/share/nvim/site/pack/packer/start/nvim-compe/after/plugin)
chdir(/home/niklas/Projects/m8r)
sourcing "/home/niklas/.local/share/nvim/site/pack/packer/start/nvim-compe/after/plugin/compe_treesitter.vim"
not found in 'runtimepath': "lua/compe_treesitter.lua"
not found in 'packpath': "pack/*/start/*/lua/compe_treesitter.lua"
not found in 'packpath': "start/*/lua/compe_treesitter.lua"
finished sourcing /home/niklas/.local/share/nvim/site/pack/packer/start/nvim-compe/after/plugin/compe_treesitter.vim
chdir(/home/niklas/Projects/m8r)
chdir(/home/niklas/.local/share/nvim/site/pack/packer/start/nvim-compe/after/plugin)
chdir(/home/niklas/Projects/m8r)
sourcing "/home/niklas/.local/share/nvim/site/pack/packer/start/nvim-compe/after/plugin/compe_ultisnips.vim"
finished sourcing /home/niklas/.local/share/nvim/site/pack/packer/start/nvim-compe/after/plugin/compe_ultisnips.vim
chdir(/home/niklas/Projects/m8r)
chdir(/home/niklas/.local/share/nvim/site/pack/packer/start/nvim-compe/after/plugin)
chdir(/home/niklas/Projects/m8r)
sourcing "/home/niklas/.local/share/nvim/site/pack/packer/start/nvim-compe/after/plugin/compe_vim_lsc.vim"
finished sourcing /home/niklas/.local/share/nvim/site/pack/packer/start/nvim-compe/after/plugin/compe_vim_lsc.vim
chdir(/home/niklas/Projects/m8r)
chdir(/home/niklas/.local/share/nvim/site/pack/packer/start/nvim-compe/after/plugin)
chdir(/home/niklas/Projects/m8r)
sourcing "/home/niklas/.local/share/nvim/site/pack/packer/start/nvim-compe/after/plugin/compe_vim_lsp.vim"
finished sourcing /home/niklas/.local/share/nvim/site/pack/packer/start/nvim-compe/after/plugin/compe_vim_lsp.vim
chdir(/home/niklas/Projects/m8r)
chdir(/home/niklas/.local/share/nvim/site/pack/packer/start/nvim-compe/after/plugin)
chdir(/home/niklas/Projects/m8r)
sourcing "/home/niklas/.local/share/nvim/site/pack/packer/start/nvim-compe/after/plugin/compe_vsnip.vim"
not found in 'runtimepath': "lua/compe_vsnip.lua"
not found in 'packpath': "pack/*/start/*/lua/compe_vsnip.lua"
not found in 'packpath': "start/*/lua/compe_vsnip.lua"
finished sourcing /home/niklas/.local/share/nvim/site/pack/packer/start/nvim-compe/after/plugin/compe_vsnip.vim
not found in 'packpath': "pack/*/start/*/plugin/**/*.vim"
not found in 'packpath': "start/*/plugin/**/*.vim"
Reading ShaDa file "/home/niklas/.local/share/nvim/shada/main.shada" info marks oldfiles
chdir(/home/niklas/Projects/m8r)
chdir(src)
chdir(/home/niklas/Projects/m8r)
"src/main.rs" 13L, 353C
Reading ShaDa file "/home/niklas/.local/share/nvim/shada/main.shada" marks
Executing BufReadPost Autocommands for "*.rs"
autocommand setf rust

Executing FileType Autocommands for "rust"
autocommand lua require'lspconfig'["rust_analyzer"].manager.try_add()

Executing FileType Autocommands for "*"
autocommand call s:LoadFTPlugin()

chdir(/home/niklas/Projects/m8r)
chdir(/usr/share/nvim/runtime/ftplugin)
chdir(/home/niklas/Projects/m8r)
line 17: sourcing "/usr/share/nvim/runtime/ftplugin/rust.vim"
finished sourcing /usr/share/nvim/runtime/ftplugin/rust.vim
continuing in function <SNR>10_LoadFTPlugin
not found in 'packpath': "pack/*/start/*/ftplugin/rust.vim ftplugin/rust_*.vim ftplugin/rust/*.vim"
not found in 'packpath': "start/*/ftplugin/rust.vim ftplugin/rust_*.vim ftplugin/rust/*.vim"
Executing FileType Autocommands for "*"
autocommand call s:LoadIndent()

chdir(/home/niklas/Projects/m8r)
chdir(/usr/share/nvim/runtime/indent)
chdir(/home/niklas/Projects/m8r)
line 14: sourcing "/usr/share/nvim/runtime/indent/rust.vim"
finished sourcing /usr/share/nvim/runtime/indent/rust.vim
continuing in function <SNR>11_LoadIndent
not found in 'packpath': "pack/*/start/*/indent/rust.vim"
not found in 'packpath': "start/*/indent/rust.vim"
Executing FileType Autocommands for "*"
autocommand exe "set syntax=" . expand("<amatch>")

Executing Syntax Autocommands for "*"
autocommand call s:SynSet()

chdir(/home/niklas/Projects/m8r)
chdir(/usr/share/nvim/runtime/syntax)
chdir(/home/niklas/Projects/m8r)
line 25: sourcing "/usr/share/nvim/runtime/syntax/rust.vim"
finished sourcing /usr/share/nvim/runtime/syntax/rust.vim
continuing in function <SNR>13_SynSet
not found in 'packpath': "pack/*/start/*/syntax/rust.vim syntax/rust/*.vim"
not found in 'packpath': "start/*/syntax/rust.vim syntax/rust/*.vim"
Executing FileType Autocommands for "*"
autocommand lua require'nvim-treesitter.configs'.attach_module('incremental_selection')

autocommand lua require'nvim-treesitter.configs'.attach_module('highlight')

not found in 'packpath': "start/*/queries/rust/highlights.scm"
not found in 'packpath': "start/*/queries/rust/injections.scm"
not found in 'packpath': "start/*/queries/rust/injections.scm"
not found in 'runtimepath': "parser/comment.*"
not found in 'packpath': "pack/*/start/*/parser/comment.*"
not found in 'packpath': "start/*/parser/comment.*"
Executing Syntax Autocommands for "*"
autocommand call s:SynSet()

autocommand lua require'nvim-treesitter.configs'.attach_module('indent')

not found in 'packpath': "start/*/queries/rust/indents.scm"
Executing BufReadPost Autocommands for "*"
autocommand if !did_filetype() && expand("<amatch>") !~ g:ft_ignore_pat | runtime! scripts.vim | endif

Executing BufReadPost Autocommands for "*"
autocommand if !did_filetype() && expand("<amatch>") !~ g:ft_ignore_pat    && (getline(1) =~ '^#' || getline(2) =~ '^#' || getline(3) =~ '^#'^I|| getline(4) =~ '^#' || getline(5) =~ '^#') |   setf FALLBACK conf | endif

Executing BufWinEnter Autocommands for "*.rs"
autocommand :lua require'lsp_extensions'.inlay_hints{ prefix = ' » ', highlight = "NonText", enabled = {"TypeHint", "ChainingHint", "ParameterHint" } }

not found in 'runtimepath': "lua/lsp_extensions.lua"
not found in 'packpath': "pack/*/start/*/lua/lsp_extensions.lua"
not found in 'packpath': "start/*/lua/lsp_extensions.lua"
Executing BufWinEnter Autocommands for "*"
autocommand set statusline<

Executing BufEnter Autocommands for "*.rs"
autocommand :lua require'lsp_extensions'.inlay_hints{ prefix = ' » ', highlight = "NonText", enabled = {"TypeHint", "ChainingHint", "ParameterHint" } }

Executing BufEnter Autocommands for "*"
autocommand set statusline<

Executing BufEnter Autocommands for "*"
autocommand sil call s:LocalBrowse(expand("<amatch>"))

Executing BufEnter Autocommands for "*"
autocommand silent lua require("treesitter-context").update_context()

Executing VimEnter Autocommands for "*"
autocommand sil call s:VimEnter(expand("<amatch>"))

chdir(/home/niklas/Projects/m8r)
chdir(src)
chdir(/home/niklas/Projects/m8r)
Executing CursorMoved Autocommands for "*.rs"
autocommand :lua require'lsp_extensions'.inlay_hints{ prefix = ' » ', highlight = "NonText", enabled = {"TypeHint", "ChainingHint", "ParameterHint" } }

Executing CursorMoved Autocommands for "*"
autocommand call s:Highlight_Matching_Pair()

Executing CursorMoved Autocommands for "*"
autocommand silent lua require("treesitter-context").do_au_cursor_moved_vertical()

['cursor_moved_vertical']
Executing User Autocommands for "CursorMovedVertical"
autocommand silent lua require("treesitter-context").update_context()

Executing WinScrolled Autocommands for "*"
autocommand silent lua require("treesitter-context").update_context()

not found in 'packpath': "start/*/queries/rust/highlights.scm"

--- Terminal info --- {{{
&term: xterm-kitty
Description: KovIdTTY
Aliases: xterm-kitty
Boolean capabilities:
  auto_left_margin          bw         = false
  auto_right_margin         am         = true
  no_esc_ctlc               xsb        = false
  ceol_standout_glitch      xhp        = false
  eat_newline_glitch        xenl       = true
  erase_overstrike          eo         = false
  generic_type              gn         = false
  hard_copy                 hc         = false
  has_meta_key              km         = true
  has_status_line           hs         = true
  insert_null_glitch        in         = false
  memory_above              da         = false
  memory_below              db         = false
  move_insert_mode          mir        = true
  move_standout_mode        msgr       = true
  over_strike               os         = false
  status_line_esc_ok        eslok      = false
  dest_tabs_magic_smso      xt         = false
  tilde_glitch              hz         = false
  transparent_underline     ul         = false
  xon_xoff                  xon        = false
  needs_xon_xoff            nxon       = false
  prtr_silent               mc5i       = true
  hard_cursor               chts       = false
  non_rev_rmcup             nrrmc      = false
  no_pad_char               npc        = true
  non_dest_scroll_region    ndscr      = false
  can_change                ccc        = true
  back_color_erase          bce        = false
  hue_lightness_saturation  hls        = false
  col_addr_glitch           xhpa       = false
  cr_cancels_micro_mode     crxm       = false
  has_print_wheel           daisy      = false
  row_addr_glitch           xvpa       = false
  semi_auto_right_margin    sam        = false
  cpi_changes_res           cpix       = false
  lpi_changes_res           lpix       = false
  backspaces_with_bs        OTbs       = false
  crt_no_scrolling          OTns       = false
  no_correctly_working_cr   OTnc       = false
  gnu_has_meta_key          OTMT       = false
  linefeed_is_newline       OTNL       = false
  has_hardware_tabs         OTpt       = false
  return_does_clr_eol       OTxr       = false
Numeric capabilities:
  columns                   cols       = 80
  init_tabs                 it         = 8
  lines                     lines      = 24
  lines_of_memory           lm         = -1
  magic_cookie_glitch       xmc        = -1
  padding_baud_rate         pb         = -1
  virtual_terminal          vt         = -1
  width_status_line         wsl        = -1
  num_labels                nlab       = -1
  label_height              lh         = -1
  label_width               lw         = -1
  max_attributes            ma         = -1
  maximum_windows           wnum       = -1
  max_colors                colors     = 256
  max_pairs                 pairs      = 32767
  no_color_video            ncv        = -1
  buffer_capacity           bufsz      = -1
  dot_vert_spacing          spinv      = -1
  dot_horz_spacing          spinh      = -1
  max_micro_address         maddr      = -1
  max_micro_jump            mjump      = -1
  micro_col_size            mcs        = -1
  micro_line_size           mls        = -1
  number_of_pins            npins      = -1
  output_res_char           orc        = -1
  output_res_line           orl        = -1
  output_res_horz_inch      orhi       = -1
  output_res_vert_inch      orvi       = -1
  print_rate                cps        = -1
  wide_char_size            widcs      = -1
  buttons                   btns       = -1
  bit_image_entwining       bitwin     = -1
  bit_image_type            bitype     = -1
  magic_cookie_glitch_ul    OTug       = -1
  carriage_return_delay     OTdC       = -1
  new_line_delay            OTdN       = -1
  backspace_delay           OTdB       = -1
  horizontal_tab_delay      OTdT       = -1
  number_of_function_keys   OTkn       = -1
String capabilities:
  back_tab                  cbt        = <Esc>[Z
  bell                      bel        = <C-G>
  carriage_return           cr         = <CR>
  change_scroll_region      csr        = <Esc>[%i%p1%d;%p2%dr
  clear_all_tabs            tbc        = <Esc>[3g
  clear_screen              clear      = <Esc>[H<Esc>[2J
  clr_eol                   el         = <Esc>[K
  clr_eos                   ed         = <Esc>[J
  column_address            hpa        = <Esc>[%i%p1%dG
  cursor_address            cup        = <Esc>[%i%p1%d;%p2%dH
  cursor_down               cud1       = <NL>
  cursor_home               home       = <Esc>[H
  cursor_invisible          civis      = <Esc>[?25l
  cursor_left               cub1       = <C-H>
  cursor_normal             cnorm      = <Esc>[?25h
  cursor_right              cuf1       = <Esc>[C
  cursor_up                 cuu1       = <Esc>[A
  cursor_visible            cvvis      = <Esc>[?12;25h
  delete_character          dch1       = <Esc>[P
  delete_line               dl1        = <Esc>[M
  dis_status_line           dsl        = <Esc>]2;<C-G>
  enter_alt_charset_mode    smacs      = <Esc>(0
  enter_bold_mode           bold       = <Esc>[1m
  enter_ca_mode             smcup      = <Esc>[?1049h
  enter_dim_mode            dim        = <Esc>[2m
  enter_insert_mode         smir       = <Esc>[4h
  enter_reverse_mode        rev        = <Esc>[7m
  enter_standout_mode       smso       = <Esc>[7m
  enter_underline_mode      smul       = <Esc>[4m
  erase_chars               ech        = <Esc>[%p1%dX
  exit_alt_charset_mode     rmacs      = <Esc>(B
  exit_attribute_mode       sgr0       = <Esc>(B<Esc>[m
  exit_ca_mode              rmcup      = <Esc>[?1049l
  exit_insert_mode          rmir       = <Esc>[4l
  exit_standout_mode        rmso       = <Esc>[27m
  exit_underline_mode       rmul       = <Esc>[24m
  flash_screen              flash      = <Esc>[?5h$<100/><Esc>[?5l
  from_status_line          fsl        = <C-G>
  insert_line               il1        = <Esc>[L
  key_backspace             kbs        = <^?>
  key_dc                    kdch1      = <Esc>[3~
  key_down                  kcud1      = <Esc>OB
  key_f1                    kf1        = <Esc>OP
  key_f10                   kf10       = <Esc>[21~
  key_f2                    kf2        = <Esc>OQ
  key_f3                    kf3        = <Esc>OR
  key_f4                    kf4        = <Esc>OS
  key_f5                    kf5        = <Esc>[15~
  key_f6                    kf6        = <Esc>[17~
  key_f7                    kf7        = <Esc>[18~
  key_f8                    kf8        = <Esc>[19~
  key_f9                    kf9        = <Esc>[20~
  key_home                  khome      = <Esc>OH
  key_ic                    kich1      = <Esc>[2~
  key_left                  kcub1      = <Esc>OD
  key_npage                 knp        = <Esc>[6~
  key_ppage                 kpp        = <Esc>[5~
  key_right                 kcuf1      = <Esc>OC
  key_sf                    kind       = <Esc>[1;2B
  key_sr                    kri        = <Esc>[1;2A
  key_up                    kcuu1      = <Esc>OA
  keypad_local              rmkx       = <Esc>[?1l
  keypad_xmit               smkx       = <Esc>[?1h
  parm_dch                  dch        = <Esc>[%p1%dP
  parm_delete_line          dl         = <Esc>[%p1%dM
  parm_down_cursor          cud        = <Esc>[%p1%dB
  parm_ich                  ich        = <Esc>[%p1%d@
  parm_index                indn       = <Esc>[%p1%dS
  parm_insert_line          il         = <Esc>[%p1%dL
  parm_left_cursor          cub        = <Esc>[%p1%dD
  parm_right_cursor         cuf        = <Esc>[%p1%dC
  parm_rindex               rin        = <Esc>[%p1%dT
  parm_up_cursor            cuu        = <Esc>[%p1%dA
  repeat_char               rep        = %p1%c<Esc>[%p2%{1}%-%db
  reset_1string             rs1        = <Esc>]<Esc>\<Esc>c
  restore_cursor            rc         = <Esc>8
  row_address               vpa        = <Esc>[%i%p1%dd
  save_cursor               sc         = <Esc>7
  scroll_forward            ind        = <NL>
  scroll_reverse            ri         = <Esc>M
  set_attributes            sgr        = %?%p9%t<Esc>(0%e<Esc>(B%;<Esc>[0%?%p6%t;1%;%?%p2%t;4%;%?%p1%p3%|%t;7%;%?%p4%t;5%;%?%p7%t;8%;m
  set_tab                   hts        = <Esc>H
  tab                       ht         = <Tab>
  to_status_line            tsl        = <Esc>]2;
  key_a1                    ka1        = 
  key_a3                    ka3        = 
  key_c1                    kc1        = 
  key_c3                    kc3        = 
  acs_chars                 acsc       = ++,,--..00``aaffgghhiijjkkllmmnnooppqqrrssttuuvvwwxxyyzz{{||}}~~
  key_btab                  kcbt       = <Esc>[Z
  enter_am_mode             smam       = <Esc>[?7h
  exit_am_mode              rmam       = <Esc>[?7l
  key_end                   kend       = <Esc>OF
  key_help                  khlp       = 
  key_undo                  kund       = 
  key_sdc                   kDC        = <Esc>[3;2~
  key_send                  kEND       = <Esc>[1;2F
  key_shome                 kHOM       = <Esc>[1;2H
  key_sic                   kIC        = <Esc>[2;2~
  key_sleft                 kLFT       = <Esc>[1;2D
  key_snext                 kNXT       = <Esc>[6;2~
  key_sprevious             kPRV       = <Esc>[5;2~
  key_sright                kRIT       = <Esc>[1;2C
  key_f11                   kf11       = <Esc>[23~
  key_f12                   kf12       = <Esc>[24~
  key_f13                   kf13       = <Esc>[1;2P
  key_f14                   kf14       = <Esc>[1;2Q
  key_f15                   kf15       = <Esc>[1;2R
  key_f16                   kf16       = <Esc>[1;2S
  key_f17                   kf17       = <Esc>[15;2~
  key_f18                   kf18       = <Esc>[17;2~
  key_f19                   kf19       = <Esc>[18;2~
  key_f20                   kf20       = <Esc>[19;2~
  key_f21                   kf21       = <Esc>[20;2~
  key_f22                   kf22       = <Esc>[21;2~
  key_f23                   kf23       = <Esc>[23;2~
  key_f24                   kf24       = <Esc>[24;2~
  key_f25                   kf25       = <Esc>[1;5P
  key_f26                   kf26       = <Esc>[1;5Q
  key_f27                   kf27       = <Esc>[1;5R
  key_f28                   kf28       = <Esc>[1;5S
  key_f29                   kf29       = <Esc>[15;5~
  key_f30                   kf30       = <Esc>[17;5~
  key_f31                   kf31       = <Esc>[18;5~
  key_f32                   kf32       = <Esc>[19;5~
  key_f33                   kf33       = <Esc>[20;5~
  key_f34                   kf34       = <Esc>[21;5~
  key_f35                   kf35       = <Esc>[23;5~
  key_f36                   kf36       = <Esc>[24;5~
  key_f37                   kf37       = <Esc>[1;6P
  key_f38                   kf38       = <Esc>[1;6Q
  key_f39                   kf39       = <Esc>[1;6R
  key_f40                   kf40       = <Esc>[1;6S
  key_f41                   kf41       = <Esc>[15;6~
  key_f42                   kf42       = <Esc>[17;6~
  key_f43                   kf43       = <Esc>[18;6~
  key_f44                   kf44       = <Esc>[19;6~
  key_f45                   kf45       = <Esc>[20;6~
  key_f46                   kf46       = <Esc>[21;6~
  key_f47                   kf47       = <Esc>[23;6~
  key_f48                   kf48       = <Esc>[24;6~
  key_f49                   kf49       = <Esc>[1;3P
  key_f50                   kf50       = <Esc>[1;3Q
  key_f51                   kf51       = <Esc>[1;3R
  key_f52                   kf52       = <Esc>[1;3S
  key_f53                   kf53       = <Esc>[15;3~
  key_f54                   kf54       = <Esc>[17;3~
  key_f55                   kf55       = <Esc>[18;3~
  key_f56                   kf56       = <Esc>[19;3~
  key_f57                   kf57       = <Esc>[20;3~
  key_f58                   kf58       = <Esc>[21;3~
  key_f59                   kf59       = <Esc>[23;3~
  key_f60                   kf60       = <Esc>[24;3~
  key_f61                   kf61       = <Esc>[1;4P
  key_f62                   kf62       = <Esc>[1;4Q
  key_f63                   kf63       = <Esc>[1;4R
  clr_bol                   el1        = <Esc>[1K
  user6                     u6         = <Esc>[%i%d;%dR
  user7                     u7         = <Esc>[6n
  user8                     u8         = <Esc>[?%[;0123456789]c
  user9                     u9         = <Esc>[c
  orig_pair                 op         = <Esc>[39;49m
  orig_colors               oc         = <Esc>]104<C-G>
  initialize_color          initc      = <Esc>]4;%p1%d;rgb:%p2%{255}%*%{1000}%/%2.2X/%p3%{255}%*%{1000}%/%2.2X/%p4%{255}%*%{1000}%/%2.2X<Esc>\
  enter_italics_mode        sitm       = <Esc>[3m
  exit_italics_mode         ritm       = <Esc>[23m
  key_mouse                 kmous      = <Esc>[M
  set_a_foreground          setaf      = <Esc>[%?%p1%{8}%<%t3%p1%d%e%p1%{16}%<%t9%p1%{8}%-%d%e38;5;%p1%d%;m
  set_a_background          setab      = <Esc>[%?%p1%{8}%<%t4%p1%d%e%p1%{16}%<%t10%p1%{8}%-%d%e48;5;%p1%d%;m
  set_tb_margin             smgtb      = <Esc>[%i%p1%d;%p2%dr
Extended boolean capabilities:
  Su                        = true
  Tc                        = true
  fullkbd                   = true
Extended string capabilities:
  kDC3                      = <Esc>[3;3~
  kDC4                      = <Esc>[3;4~
  kDC5                      = <Esc>[3;5~
  kDC6                      = <Esc>[3;6~
  kDC7                      = <Esc>[3;7~
  kDN                       = <Esc>[1;2B
  kDN3                      = <Esc>[1;3B
  kDN4                      = <Esc>[1;4B
  kDN5                      = <Esc>[1;5B
  kDN6                      = <Esc>[1;6B
  kDN7                      = <Esc>[1;7B
  kEND3                     = <Esc>[1;3F
  kEND4                     = <Esc>[1;4F
  kEND5                     = <Esc>[1;5F
  kEND6                     = <Esc>[1;6F
  kEND7                     = <Esc>[1;7F
  kHOM3                     = <Esc>[1;3H
  kHOM4                     = <Esc>[1;4H
  kHOM5                     = <Esc>[1;5H
  kHOM6                     = <Esc>[1;6H
  kHOM7                     = <Esc>[1;7H
  kIC3                      = <Esc>[2;3~
  kIC4                      = <Esc>[2;4~
  kIC5                      = <Esc>[2;5~
  kIC6                      = <Esc>[2;6~
  kIC7                      = <Esc>[2;7~
  kLFT3                     = <Esc>[1;3D
  kLFT4                     = <Esc>[1;4D
  kLFT5                     = <Esc>[1;5D
  kLFT6                     = <Esc>[1;6D
  kLFT7                     = <Esc>[1;7D
  kNXT3                     = <Esc>[6;3~
  kNXT4                     = <Esc>[6;4~
  kNXT5                     = <Esc>[6;5~
  kNXT6                     = <Esc>[6;6~
  kNXT7                     = <Esc>[6;7~
  kPRV3                     = <Esc>[5;3~
  kPRV4                     = <Esc>[5;4~
  kPRV5                     = <Esc>[5;5~
  kPRV6                     = <Esc>[5;6~
  kPRV7                     = <Esc>[5;7~
  kRIT3                     = <Esc>[1;3C
  kRIT4                     = <Esc>[1;4C
  kRIT5                     = <Esc>[1;5C
  kRIT6                     = <Esc>[1;6C
  kRIT7                     = <Esc>[1;7C
  kUP                       = <Esc>[1;2A
  kUP3                      = <Esc>[1;3A
  kUP4                      = <Esc>[1;4A
  kUP5                      = <Esc>[1;5A
  kUP6                      = <Esc>[1;6A
  kUP7                      = <Esc>[1;7A
  rmxx                      = <Esc>[29m
  setrgbb                   = <Esc>[48:2:%p1%d:%p2%d:%p3%dm
  setrgbf                   = <Esc>[38:2:%p1%d:%p2%d:%p3%dm
  smxx                      = <Esc>[9m
  ext.get_bg                = <Esc>]11;?<C-G>
  Ss                        = <Esc>[%p1%d q
  Se                        = <Esc>[ q
  ext.resize_screen         = <Esc>[8;%p1%d;%p2%dt
  ext.reset_scroll_region   = <Esc>[r
  ext.set_cursor_color      = <Esc>]12;#%p1%06x<C-G>
  ext.reset_cursor_color    = <Esc>]112<C-G>
  ext.save_title            = <Esc>[22;0;0t
  ext.restore_title         = <Esc>[23;0;0t
  ext.enable_lr_margin      = <Esc>[?69h
  ext.disable_lr_margin     = <Esc>[?69l
  ext.enable_bpaste         = <Esc>[?2004h
  ext.disable_bpaste        = <Esc>[?2004l
  ext.enable_focus          = <Esc>[?1004h
  ext.disable_focus         = <Esc>[?1004l
  ext.enable_mouse          = <Esc>[?1002h<Esc>[?1006h
  ext.disable_mouse         = <Esc>[?1002l<Esc>[?1006l
  ext.set_underline_style   = <Esc>[4:%p1%dm
  ext.set_underline_color   = <Esc>[58:2::%p1%d:%p2%d:%p3%dm
}}}

chdir(/home/niklas/Projects/m8r)
chdir(src)
chdir(/home/niklas/Projects/m8r)
not found in 'runtimepath': "lua/nvim-web-devicons.lua"
not found in 'packpath': "pack/*/start/*/lua/nvim-web-devicons.lua"
not found in 'packpath': "start/*/lua/nvim-web-devicons.lua"
not found in 'runtimepath': "lua/nvim-web-devicons/init.lua"
not found in 'packpath': "pack/*/start/*/lua/nvim-web-devicons/init.lua"
not found in 'packpath': "start/*/lua/nvim-web-devicons/init.lua"
not found in 'runtimepath': "lua/nvim-web-devicons.so"
not found in 'packpath': "pack/*/start/*/lua/nvim-web-devicons.so"
not found in 'packpath': "start/*/lua/nvim-web-devicons.so"
not found in 'runtimepath': "lua/nvim-web-devicons.lua"
not found in 'packpath': "pack/*/start/*/lua/nvim-web-devicons.lua"
not found in 'packpath': "start/*/lua/nvim-web-devicons.lua"
not found in 'runtimepath': "lua/nvim-web-devicons/init.lua"
not found in 'packpath': "pack/*/start/*/lua/nvim-web-devicons/init.lua"
not found in 'packpath': "start/*/lua/nvim-web-devicons/init.lua"
not found in 'runtimepath': "lua/nvim-web-devicons.so"
not found in 'packpath': "pack/*/start/*/lua/nvim-web-devicons.so"
not found in 'packpath': "start/*/lua/nvim-web-devicons.so"
not found in 'runtimepath': "lua/nvim-web-devicons.lua"
not found in 'packpath': "pack/*/start/*/lua/nvim-web-devicons.lua"
not found in 'packpath': "start/*/lua/nvim-web-devicons.lua"
not found in 'runtimepath': "lua/nvim-web-devicons/init.lua"
not found in 'packpath': "pack/*/start/*/lua/nvim-web-devicons/init.lua"
not found in 'packpath': "start/*/lua/nvim-web-devicons/init.lua"
not found in 'runtimepath': "lua/nvim-web-devicons.so"
not found in 'packpath': "pack/*/start/*/lua/nvim-web-devicons.so"
not found in 'packpath': "start/*/lua/nvim-web-devicons.so"
not found in 'runtimepath': "lua/nvim-web-devicons.lua"
not found in 'packpath': "pack/*/start/*/lua/nvim-web-devicons.lua"
not found in 'packpath': "start/*/lua/nvim-web-devicons.lua"
not found in 'runtimepath': "lua/nvim-web-devicons/init.lua"
not found in 'packpath': "pack/*/start/*/lua/nvim-web-devicons/init.lua"
not found in 'packpath': "start/*/lua/nvim-web-devicons/init.lua"
not found in 'runtimepath': "lua/nvim-web-devicons.so"
not found in 'packpath': "pack/*/start/*/lua/nvim-web-devicons.so"
not found in 'packpath': "start/*/lua/nvim-web-devicons.so"
Client 1 quit with exit code 125 and signal 0
not found in 'runtimepath': "lua/nvim-web-devicons.lua"
not found in 'packpath': "pack/*/start/*/lua/nvim-web-devicons.lua"
not found in 'packpath': "start/*/lua/nvim-web-devicons.lua"
not found in 'runtimepath': "lua/nvim-web-devicons/init.lua"
not found in 'packpath': "pack/*/start/*/lua/nvim-web-devicons/init.lua"
not found in 'packpath': "start/*/lua/nvim-web-devicons/init.lua"
not found in 'runtimepath': "lua/nvim-web-devicons.so"
not found in 'packpath': "pack/*/start/*/lua/nvim-web-devicons.so"
not found in 'packpath': "start/*/lua/nvim-web-devicons.so"

Executing VimLeavePre Autocommands for "*"
autocommand lua vim.lsp._vim_exit_handler()

Writing ShaDa file "/home/niklas/.local/share/nvim/shada/main.shada"
chdir(/home/niklas/Projects/m8r)
chdir(/home/niklas/.config/nvim/lua/plugins)
chdir(/home/niklas/Projects/m8r)
chdir(/home/niklas/Projects/m8r)
chdir(/home/niklas/.config/nvim/lua/plugins)
chdir(/home/niklas/Projects/m8r)
chdir(/home/niklas/Projects/m8r)
chdir(/home/niklas/.config/nvim/lua/plugins)
chdir(/home/niklas/Projects/m8r)
chdir(/home/niklas/Projects/m8r)
chdir(/home/niklas/Projects)
chdir(/home/niklas/Projects/m8r)
chdir(/home/niklas/Projects/m8r)
chdir(/home/niklas/Projects/M8r/src)
chdir(/home/niklas/Projects/m8r)
chdir(/home/niklas/Projects/m8r)
chdir(/home/niklas)
chdir(/home/niklas/Projects/m8r)
chdir(/home/niklas/Projects/m8r)
chdir(/home/niklas)
chdir(/home/niklas/Projects/m8r)
chdir(/home/niklas/Projects/m8r)
chdir(/etc)
chdir(/home/niklas/Projects/m8r)
chdir(/home/niklas/Projects/m8r)
chdir(/home/niklas/Projects/M8r)
chdir(/home/niklas/Projects/m8r)
chdir(/home/niklas/Projects/m8r)
chdir(/home/niklas/.config/nvim/lua/plugins)
chdir(/home/niklas/Projects/m8r)
chdir(/home/niklas/Projects/m8r)
chdir(/home/niklas/.config/nvim/lua/plugins)
chdir(/home/niklas/Projects/m8r)
chdir(/home/niklas/Projects/m8r)
chdir(/home/niklas/.config/nvim/lua)
chdir(/home/niklas/Projects/m8r)
chdir(/home/niklas/Projects/m8r)
chdir(/home/niklas/.config/nvim/lua/plugins)
chdir(/home/niklas/Projects/m8r)
chdir(/home/niklas/Projects/m8r)
chdir(/home/niklas/.config/nvim/lua/plugins)
chdir(/home/niklas/Projects/m8r)
chdir(/home/niklas/Projects/m8r)
chdir(/home/niklas/Projects)
chdir(/home/niklas/Projects/m8r)